
DevTools listening on ws://127.0.0.1:41265/devtools/browser/db95e705-ed32-47ad-affc-23db12a9e52a
[17906:0127/042351.096273:ERROR:object_proxy.cc(590)] Failed to call method: org.freedesktop.portal.Settings.Read: object_path= /org/freedesktop/portal/desktop: unknown error type:
(node:18090) ExperimentalWarning: `--experimental-loader` may be removed in the future; instead use `register()`:
--import 'data:text/javascript,import { register } from "node:module"; import { pathToFileURL } from "node:url"; register("file%3A///home/jules/.cache/Cypress/13.6.0/Cypress/resources/app/node_modules/ts-node/esm/transpile-only.mjs", pathToFileURL("./"));'
(Use `node --trace-warnings ...` to show where the warning was created)
(node:18090) [DEP0180] DeprecationWarning: fs.Stats constructor is deprecated.
(Use `node --trace-deprecation ...` to show where the warning was created)

================================================================================

  (Run Starting)

  ┌────────────────────────────────────────────────────────────────────────────────────────────────┐
  │ Cypress:        13.6.0                                                                         │
  │ Browser:        Electron 114 (headless)                                                        │
  │ Node Version:   v22.22.0 (/home/jules/.nvm/versions/node/v22.22.0/bin/node)                    │
  │ Specs:          4 found (auth.cy.ts, mobile.cy.ts, projects.cy.ts, sessions.cy.ts)             │
  │ Searched:       cypress/e2e/**/*.cy.{js,jsx,ts,tsx}                                            │
  └────────────────────────────────────────────────────────────────────────────────────────────────┘


────────────────────────────────────────────────────────────────────────────────────────────────────

  Running:  auth.cy.ts                                                                      (1 of 4)


  Authentication Flow
    ✓ should display login page (849ms)
    ✓ should toggle between login and register (560ms)
    ✓ should show error on invalid login (1265ms)
    ✓ should complete full registration and login flow (2034ms)


  4 passing (5s)


  (Results)

  ┌────────────────────────────────────────────────────────────────────────────────────────────────┐
  │ Tests:        4                                                                                │
  │ Passing:      4                                                                                │
  │ Failing:      0                                                                                │
  │ Pending:      0                                                                                │
  │ Skipped:      0                                                                                │
  │ Screenshots:  0                                                                                │
  │ Video:        false                                                                            │
  │ Duration:     4 seconds                                                                        │
  │ Spec Ran:     auth.cy.ts                                                                       │
  └────────────────────────────────────────────────────────────────────────────────────────────────┘


────────────────────────────────────────────────────────────────────────────────────────────────────

  Running:  mobile.cy.ts                                                                    (2 of 4)


  Mobile View Experience
    ✓ should show sessions list and hide workbench initially on mobile (5000ms)
    1) should auto-select new session and switch to workbench view
    2) should navigate back to list from workbench
    ✓ should select an existing session from list (4080ms)


  2 passing (27s)
  2 failing

  1) Mobile View Experience
       should auto-select new session and switch to workbench view:
     CypressError: Timed out retrying after 5000ms: `cy.wait()` timed out waiting `5000ms` for the 1st request to the route: `getBlobs`. No request ever occurred.

https://on.cypress.io/wait
      at cypressErr (http://localhost:3000/__cypress/runner/cypress_runner.js:75240:18)
      at Object.errByPath (http://localhost:3000/__cypress/runner/cypress_runner.js:75295:10)
      at checkForXhr (http://localhost:3000/__cypress/runner/cypress_runner.js:135879:84)
      at <unknown> (http://localhost:3000/__cypress/runner/cypress_runner.js:135905:28)
      at tryCatcher (http://localhost:3000/__cypress/runner/cypress_runner.js:1807:23)
      at Promise.attempt.Promise.try (http://localhost:3000/__cypress/runner/cypress_runner.js:4315:29)
      at whenStable (http://localhost:3000/__cypress/runner/cypress_runner.js:144297:68)
      at <unknown> (http://localhost:3000/__cypress/runner/cypress_runner.js:144238:14)
      at tryCatcher (http://localhost:3000/__cypress/runner/cypress_runner.js:1807:23)
      at Promise._settlePromiseFromHandler (http://localhost:3000/__cypress/runner/cypress_runner.js:1519:31)
      at Promise._settlePromise (http://localhost:3000/__cypress/runner/cypress_runner.js:1576:18)
      at Promise._settlePromise0 (http://localhost:3000/__cypress/runner/cypress_runner.js:1621:10)
      at Promise._settlePromises (http://localhost:3000/__cypress/runner/cypress_runner.js:1701:18)
      at Promise._fulfill (http://localhost:3000/__cypress/runner/cypress_runner.js:1645:18)
      at <unknown> (http://localhost:3000/__cypress/runner/cypress_runner.js:5450:46)
  From Your Spec Code:
      at Context.eval (webpack://interlock-frontend/./cypress/e2e/mobile.cy.ts:101:0)

  2) Mobile View Experience
       should navigate back to list from workbench:
     CypressError: Timed out retrying after 5000ms: `cy.wait()` timed out waiting `5000ms` for the 1st request to the route: `getBlobs`. No request ever occurred.

https://on.cypress.io/wait
      at cypressErr (http://localhost:3000/__cypress/runner/cypress_runner.js:75240:18)
      at Object.errByPath (http://localhost:3000/__cypress/runner/cypress_runner.js:75295:10)
      at checkForXhr (http://localhost:3000/__cypress/runner/cypress_runner.js:135879:84)
      at <unknown> (http://localhost:3000/__cypress/runner/cypress_runner.js:135905:28)
      at tryCatcher (http://localhost:3000/__cypress/runner/cypress_runner.js:1807:23)
      at Promise.attempt.Promise.try (http://localhost:3000/__cypress/runner/cypress_runner.js:4315:29)
      at whenStable (http://localhost:3000/__cypress/runner/cypress_runner.js:144297:68)
      at <unknown> (http://localhost:3000/__cypress/runner/cypress_runner.js:144238:14)
      at tryCatcher (http://localhost:3000/__cypress/runner/cypress_runner.js:1807:23)
      at Promise._settlePromiseFromHandler (http://localhost:3000/__cypress/runner/cypress_runner.js:1519:31)
      at Promise._settlePromise (http://localhost:3000/__cypress/runner/cypress_runner.js:1576:18)
      at Promise._settlePromise0 (http://localhost:3000/__cypress/runner/cypress_runner.js:1621:10)
      at Promise._settlePromises (http://localhost:3000/__cypress/runner/cypress_runner.js:1701:18)
      at Promise._fulfill (http://localhost:3000/__cypress/runner/cypress_runner.js:1645:18)
      at <unknown> (http://localhost:3000/__cypress/runner/cypress_runner.js:5450:46)
  From Your Spec Code:
      at Context.eval (webpack://interlock-frontend/./cypress/e2e/mobile.cy.ts:138:0)




  (Results)

  ┌────────────────────────────────────────────────────────────────────────────────────────────────┐
  │ Tests:        4                                                                                │
  │ Passing:      2                                                                                │
  │ Failing:      2                                                                                │
  │ Pending:      0                                                                                │
  │ Skipped:      0                                                                                │
  │ Screenshots:  2                                                                                │
  │ Video:        false                                                                            │
  │ Duration:     27 seconds                                                                       │
  │ Spec Ran:     mobile.cy.ts                                                                     │
  └────────────────────────────────────────────────────────────────────────────────────────────────┘


  (Screenshots)

  -  /app/cypress/screenshots/mobile.cy.ts/Mobile View Experience -- should auto-sele     (1280x720)
     ct new session and switch to workbench view (failed).png
  -  /app/cypress/screenshots/mobile.cy.ts/Mobile View Experience -- should navigate      (1280x720)
     back to list from workbench (failed).png


────────────────────────────────────────────────────────────────────────────────────────────────────

  Running:  projects.cy.ts                                                                  (3 of 4)


  Projects Management
    ✓ should display empty projects page (2278ms)
    ✓ should create a new project (3194ms)
    ✓ should navigate to project sessions (2673ms)


  3 passing (8s)


  (Results)

  ┌────────────────────────────────────────────────────────────────────────────────────────────────┐
  │ Tests:        3                                                                                │
  │ Passing:      3                                                                                │
  │ Failing:      0                                                                                │
  │ Pending:      0                                                                                │
  │ Skipped:      0                                                                                │
  │ Screenshots:  0                                                                                │
  │ Video:        false                                                                            │
  │ Duration:     8 seconds                                                                        │
  │ Spec Ran:     projects.cy.ts                                                                   │
  └────────────────────────────────────────────────────────────────────────────────────────────────┘


────────────────────────────────────────────────────────────────────────────────────────────────────

  Running:  sessions.cy.ts                                                                  (4 of 4)


  Sessions Management
    ✓ should display empty sessions sidebar (3354ms)
    ✓ should create a new session (operation) (3710ms)
    ✓ should select and display session content (3712ms)
    ✓ should navigate back to projects (2928ms)


  4 passing (14s)


  (Results)

  ┌────────────────────────────────────────────────────────────────────────────────────────────────┐
  │ Tests:        4                                                                                │
  │ Passing:      4                                                                                │
  │ Failing:      0                                                                                │
  │ Pending:      0                                                                                │
  │ Skipped:      0                                                                                │
  │ Screenshots:  0                                                                                │
  │ Video:        false                                                                            │
  │ Duration:     13 seconds                                                                       │
  │ Spec Ran:     sessions.cy.ts                                                                   │
  └────────────────────────────────────────────────────────────────────────────────────────────────┘


================================================================================

  (Run Finished)


       Spec                                              Tests  Passing  Failing  Pending  Skipped
  ┌────────────────────────────────────────────────────────────────────────────────────────────────┐
  │ ✔  auth.cy.ts                               00:04        4        4        -        -        - │
  ├────────────────────────────────────────────────────────────────────────────────────────────────┤
  │ ✖  mobile.cy.ts                             00:27        4        2        2        -        - │
  ├────────────────────────────────────────────────────────────────────────────────────────────────┤
  │ ✔  projects.cy.ts                           00:08        3        3        -        -        - │
  ├────────────────────────────────────────────────────────────────────────────────────────────────┤
  │ ✔  sessions.cy.ts                           00:13        4        4        -        -        - │
  └────────────────────────────────────────────────────────────────────────────────────────────────┘
    ✖  1 of 4 failed (25%)                      00:54       15       13        2        -        -
