
DevTools listening on ws://127.0.0.1:46081/devtools/browser/953d45f0-92ac-4f3a-93bb-d6628ac3c074
[30779:0127/043930.041010:ERROR:object_proxy.cc(590)] Failed to call method: org.freedesktop.portal.Settings.Read: object_path= /org/freedesktop/portal/desktop: unknown error type:
(node:31011) ExperimentalWarning: `--experimental-loader` may be removed in the future; instead use `register()`:
--import 'data:text/javascript,import { register } from "node:module"; import { pathToFileURL } from "node:url"; register("file%3A///home/jules/.cache/Cypress/13.6.0/Cypress/resources/app/node_modules/ts-node/esm/transpile-only.mjs", pathToFileURL("./"));'
(Use `node --trace-warnings ...` to show where the warning was created)
(node:31011) [DEP0180] DeprecationWarning: fs.Stats constructor is deprecated.
(Use `node --trace-deprecation ...` to show where the warning was created)

================================================================================

  (Run Starting)

  ┌────────────────────────────────────────────────────────────────────────────────────────────────┐
  │ Cypress:        13.6.0                                                                         │
  │ Browser:        Electron 114 (headless)                                                        │
  │ Node Version:   v22.22.0 (/home/jules/.nvm/versions/node/v22.22.0/bin/node)                    │
  │ Specs:          4 found (auth.cy.ts, mobile.cy.ts, projects.cy.ts, sessions.cy.ts)             │
  │ Searched:       cypress/e2e/**/*.cy.{js,jsx,ts,tsx}                                            │
  └────────────────────────────────────────────────────────────────────────────────────────────────┘


────────────────────────────────────────────────────────────────────────────────────────────────────

  Running:  auth.cy.ts                                                                      (1 of 4)


  Authentication Flow
    ✓ should display login page (781ms)
    ✓ should toggle between login and register (580ms)
    ✓ should show error on invalid login (1211ms)
    ✓ should complete full registration and login flow (1951ms)


  4 passing (5s)


  (Results)

  ┌────────────────────────────────────────────────────────────────────────────────────────────────┐
  │ Tests:        4                                                                                │
  │ Passing:      4                                                                                │
  │ Failing:      0                                                                                │
  │ Pending:      0                                                                                │
  │ Skipped:      0                                                                                │
  │ Screenshots:  0                                                                                │
  │ Video:        false                                                                            │
  │ Duration:     4 seconds                                                                        │
  │ Spec Ran:     auth.cy.ts                                                                       │
  └────────────────────────────────────────────────────────────────────────────────────────────────┘


────────────────────────────────────────────────────────────────────────────────────────────────────

  Running:  mobile.cy.ts                                                                    (2 of 4)


  Mobile View Experience
    ✓ should show sessions list and hide workbench initially on mobile (3363ms)
    ✓ should auto-select new session and switch to workbench view (3971ms)
    ✓ should select an existing session from list (3793ms)


  3 passing (11s)


  (Results)

  ┌────────────────────────────────────────────────────────────────────────────────────────────────┐
  │ Tests:        3                                                                                │
  │ Passing:      3                                                                                │
  │ Failing:      0                                                                                │
  │ Pending:      0                                                                                │
  │ Skipped:      0                                                                                │
  │ Screenshots:  0                                                                                │
  │ Video:        false                                                                            │
  │ Duration:     11 seconds                                                                       │
  │ Spec Ran:     mobile.cy.ts                                                                     │
  └────────────────────────────────────────────────────────────────────────────────────────────────┘


────────────────────────────────────────────────────────────────────────────────────────────────────

  Running:  projects.cy.ts                                                                  (3 of 4)


  Projects Management
    ✓ should display empty projects page (2431ms)
    ✓ should create a new project (3180ms)
    ✓ should navigate to project sessions (2693ms)


  3 passing (8s)


  (Results)

  ┌────────────────────────────────────────────────────────────────────────────────────────────────┐
  │ Tests:        3                                                                                │
  │ Passing:      3                                                                                │
  │ Failing:      0                                                                                │
  │ Pending:      0                                                                                │
  │ Skipped:      0                                                                                │
  │ Screenshots:  0                                                                                │
  │ Video:        false                                                                            │
  │ Duration:     8 seconds                                                                        │
  │ Spec Ran:     projects.cy.ts                                                                   │
  └────────────────────────────────────────────────────────────────────────────────────────────────┘


────────────────────────────────────────────────────────────────────────────────────────────────────

  Running:  sessions.cy.ts                                                                  (4 of 4)


  Sessions Management
    ✓ should display empty sessions sidebar (3280ms)
    ✓ should create a new session (operation) (3693ms)
    ✓ should select and display session content (3747ms)
    ✓ should navigate back to projects (2904ms)


  4 passing (14s)


  (Results)

  ┌────────────────────────────────────────────────────────────────────────────────────────────────┐
  │ Tests:        4                                                                                │
  │ Passing:      4                                                                                │
  │ Failing:      0                                                                                │
  │ Pending:      0                                                                                │
  │ Skipped:      0                                                                                │
  │ Screenshots:  0                                                                                │
  │ Video:        false                                                                            │
  │ Duration:     13 seconds                                                                       │
  │ Spec Ran:     sessions.cy.ts                                                                   │
  └────────────────────────────────────────────────────────────────────────────────────────────────┘


================================================================================

  (Run Finished)


       Spec                                              Tests  Passing  Failing  Pending  Skipped
  ┌────────────────────────────────────────────────────────────────────────────────────────────────┐
  │ ✔  auth.cy.ts                               00:04        4        4        -        -        - │
  ├────────────────────────────────────────────────────────────────────────────────────────────────┤
  │ ✔  mobile.cy.ts                             00:11        3        3        -        -        - │
  ├────────────────────────────────────────────────────────────────────────────────────────────────┤
  │ ✔  projects.cy.ts                           00:08        3        3        -        -        - │
  ├────────────────────────────────────────────────────────────────────────────────────────────────┤
  │ ✔  sessions.cy.ts                           00:13        4        4        -        -        - │
  └────────────────────────────────────────────────────────────────────────────────────────────────┘
    ✔  All specs passed!                        00:38       14       14        -        -        -
