
DevTools listening on ws://127.0.0.1:35307/devtools/browser/5bf48c45-d870-4d57-a7ef-6e56bac6b071
[23608:0127/043220.907475:ERROR:object_proxy.cc(590)] Failed to call method: org.freedesktop.portal.Settings.Read: object_path= /org/freedesktop/portal/desktop: unknown error type:
(node:23870) ExperimentalWarning: `--experimental-loader` may be removed in the future; instead use `register()`:
--import 'data:text/javascript,import { register } from "node:module"; import { pathToFileURL } from "node:url"; register("file%3A///home/jules/.cache/Cypress/13.6.0/Cypress/resources/app/node_modules/ts-node/esm/transpile-only.mjs", pathToFileURL("./"));'
(Use `node --trace-warnings ...` to show where the warning was created)
(node:23870) [DEP0180] DeprecationWarning: fs.Stats constructor is deprecated.
(Use `node --trace-deprecation ...` to show where the warning was created)

================================================================================

  (Run Starting)

  ┌────────────────────────────────────────────────────────────────────────────────────────────────┐
  │ Cypress:        13.6.0                                                                         │
  │ Browser:        Electron 114 (headless)                                                        │
  │ Node Version:   v22.22.0 (/home/jules/.nvm/versions/node/v22.22.0/bin/node)                    │
  │ Specs:          4 found (auth.cy.ts, mobile.cy.ts, projects.cy.ts, sessions.cy.ts)             │
  │ Searched:       cypress/e2e/**/*.cy.{js,jsx,ts,tsx}                                            │
  └────────────────────────────────────────────────────────────────────────────────────────────────┘


────────────────────────────────────────────────────────────────────────────────────────────────────

  Running:  auth.cy.ts                                                                      (1 of 4)


  Authentication Flow
    ✓ should display login page (956ms)
    ✓ should toggle between login and register (620ms)
    ✓ should show error on invalid login (1319ms)
    ✓ should complete full registration and login flow (2092ms)


  4 passing (5s)


  (Results)

  ┌────────────────────────────────────────────────────────────────────────────────────────────────┐
  │ Tests:        4                                                                                │
  │ Passing:      4                                                                                │
  │ Failing:      0                                                                                │
  │ Pending:      0                                                                                │
  │ Skipped:      0                                                                                │
  │ Screenshots:  0                                                                                │
  │ Video:        false                                                                            │
  │ Duration:     5 seconds                                                                        │
  │ Spec Ran:     auth.cy.ts                                                                       │
  └────────────────────────────────────────────────────────────────────────────────────────────────┘


────────────────────────────────────────────────────────────────────────────────────────────────────

  Running:  mobile.cy.ts                                                                    (2 of 4)


  Mobile View Experience
    ✓ should show sessions list and hide workbench initially on mobile (7960ms)
    ✓ should auto-select new session and switch to workbench view (4289ms)
    1) should navigate back to list from workbench
    ✓ should select an existing session from list (4125ms)


  3 passing (31s)
  1 failing

  1) Mobile View Experience
       should navigate back to list from workbench:
     AssertionError: Timed out retrying after 10000ms: Expected to find content: 'Initialize Tech Transfer' but never did.
      at Context.eval (webpack://interlock-frontend/./cypress/e2e/mobile.cy.ts:147:0)




  (Results)

  ┌────────────────────────────────────────────────────────────────────────────────────────────────┐
  │ Tests:        4                                                                                │
  │ Passing:      3                                                                                │
  │ Failing:      1                                                                                │
  │ Pending:      0                                                                                │
  │ Skipped:      0                                                                                │
  │ Screenshots:  1                                                                                │
  │ Video:        false                                                                            │
  │ Duration:     31 seconds                                                                       │
  │ Spec Ran:     mobile.cy.ts                                                                     │
  └────────────────────────────────────────────────────────────────────────────────────────────────┘


  (Screenshots)

  -  /app/cypress/screenshots/mobile.cy.ts/Mobile View Experience -- should navigate      (1280x720)
     back to list from workbench (failed).png


────────────────────────────────────────────────────────────────────────────────────────────────────

  Running:  projects.cy.ts                                                                  (3 of 4)


  Projects Management
    ✓ should display empty projects page (2436ms)
    ✓ should create a new project (3314ms)
    ✓ should navigate to project sessions (2818ms)


  3 passing (9s)


  (Results)

  ┌────────────────────────────────────────────────────────────────────────────────────────────────┐
  │ Tests:        3                                                                                │
  │ Passing:      3                                                                                │
  │ Failing:      0                                                                                │
  │ Pending:      0                                                                                │
  │ Skipped:      0                                                                                │
  │ Screenshots:  0                                                                                │
  │ Video:        false                                                                            │
  │ Duration:     8 seconds                                                                        │
  │ Spec Ran:     projects.cy.ts                                                                   │
  └────────────────────────────────────────────────────────────────────────────────────────────────┘


────────────────────────────────────────────────────────────────────────────────────────────────────

  Running:  sessions.cy.ts                                                                  (4 of 4)


  Sessions Management
    ✓ should display empty sessions sidebar (3480ms)
    ✓ should create a new session (operation) (3701ms)
    ✓ should select and display session content (3808ms)
    ✓ should navigate back to projects (2985ms)


  4 passing (14s)


  (Results)

  ┌────────────────────────────────────────────────────────────────────────────────────────────────┐
  │ Tests:        4                                                                                │
  │ Passing:      4                                                                                │
  │ Failing:      0                                                                                │
  │ Pending:      0                                                                                │
  │ Skipped:      0                                                                                │
  │ Screenshots:  0                                                                                │
  │ Video:        false                                                                            │
  │ Duration:     14 seconds                                                                       │
  │ Spec Ran:     sessions.cy.ts                                                                   │
  └────────────────────────────────────────────────────────────────────────────────────────────────┘


================================================================================

  (Run Finished)


       Spec                                              Tests  Passing  Failing  Pending  Skipped
  ┌────────────────────────────────────────────────────────────────────────────────────────────────┐
  │ ✔  auth.cy.ts                               00:05        4        4        -        -        - │
  ├────────────────────────────────────────────────────────────────────────────────────────────────┤
  │ ✖  mobile.cy.ts                             00:31        4        3        1        -        - │
  ├────────────────────────────────────────────────────────────────────────────────────────────────┤
  │ ✔  projects.cy.ts                           00:08        3        3        -        -        - │
  ├────────────────────────────────────────────────────────────────────────────────────────────────┤
  │ ✔  sessions.cy.ts                           00:14        4        4        -        -        - │
  └────────────────────────────────────────────────────────────────────────────────────────────────┘
    ✖  1 of 4 failed (25%)                      00:59       15       14        1        -        -
